2025-01-07T23:51:33 | touched: scripts/cli.js
2025-05-14T07:17:36 | touched: .env.example
2026-01-06T23:35:26 | touched: contracts/Solanalabs.sol
2025-08-21T17:48:56 | touched: test/Solanalabs.test.js
2026-01-24T14:48:58 | touched: contracts/Solanalabs.sol
2026-01-20T22:32:15 | touched: scripts/frontend-integration.js
2026-01-25T03:39:01 | touched: test/Solanalabs.test.js
2026-01-04T22:37:09 | touched: contracts/Solanalabs.sol
2026-01-03T07:11:48 | touched: contracts/Solanalabs.sol
2026-01-01T23:48:36 | touched: test/Solanalabs.test.js
2025-03-28T20:58:13 | touched: scripts/api-server.js
2025-01-18T11:28:16 | touched: package.json
2026-01-14T04:56:58 | touched: .env.example
2024-08-15T15:22:33 | touched: README.md
2026-01-18T07:41:29 | touched: package.json
2024-05-01T17:10:46 | touched: package.json
2025-12-18T11:45:42 | touched: scripts/deploy.js
2025-09-24T00:34:21 | touched: package.json
2026-01-20T15:18:51 | touched: LICENSE
2025-10-14T03:56:10 | touched: README.md
2025-06-12T06:34:54 | touched: package.json
2025-10-31T21:37:57 | touched: scripts/frontend-integration.js
2026-01-25T23:20:47 | touched: hardhat.config.js
2025-11-17T23:31:52 | touched: scripts/cli.js
2025-04-27T08:37:22 | touched: LICENSE
2025-08-30T16:31:02 | touched: scripts/interact.js
2025-03-31T12:53:27 | touched: test/Solanalabs.test.js
2025-06-20T07:38:05 | touched: scripts/api-server.js
2025-10-07T21:41:51 | touched: README.md
2025-07-05T10:07:13 | touched: package.json
2025-06-02T00:22:18 | touched: scripts/api-server.js
2025-11-12T05:26:38 | touched: hardhat.config.js
2025-12-17T15:10:01 | touched: scripts/interact.js
2025-04-05T00:08:48 | touched: LICENSE
2025-03-02T12:24:42 | touched: package.json
2025-02-19T13:04:43 | touched: README.md
2025-03-29T18:57:17 | touched: scripts/interact.js
2025-03-15T09:50:14 | touched: hardhat.config.js
2025-02-20T10:30:09 | touched: scripts/interact.js
2025-10-14T07:12:11 | touched: scripts/cli.js
2025-10-16T02:34:18 | touched: test/Solanalabs.test.js
2025-12-12T02:17:41 | touched: LICENSE
2025-08-03T23:09:39 | touched: .env.example
2025-04-20T20:12:03 | touched: scripts/api-server.js
2025-05-23T12:35:33 | touched: scripts/cli.js
2025-10-04T11:22:57 | touched: scripts/cli.js
2025-05-03T01:23:06 | touched: LICENSE
2025-06-07T16:35:58 | touched: .env.example
2025-06-12T16:44:02 | touched: scripts/interact.js
2025-12-31T10:00:59 | touched: scripts/deploy.js
2025-02-20T04:12:04 | touched: scripts/api-server.js
2025-01-05T07:04:50 | touched: test/Solanalabs.test.js
2025-01-14 11:24:00 | WARN | repo=SolanaLabs | action=test | passed=true
2025-12-13 18:27:00 | DEBUG | repo=SolanaLabs | action=commit
2025-03-28 14:17:00 | WARN | repo=SolanaLabs | action=edit | files=5
2025-07-12 19:28:00 | DEBUG | repo=SolanaLabs | action=commit
2025-11-19 10:17:00 | INFO | repo=SolanaLabs | action=commit
2025-08-08 19:19:00 | INFO | repo=SolanaLabs | action=commit
2025-01-28 21:03:00 | DEBUG | repo=SolanaLabs | action=edit | files=3
2025-04-14 20:35:00 | WARN | repo=SolanaLabs | action=commit
2025-12-11 20:48:00 | WARN | repo=SolanaLabs | action=commit
2025-02-03 07:45:00 | DEBUG | repo=SolanaLabs | action=commit
2025-11-08 12:43:00 | INFO | repo=SolanaLabs | action=commit
2025-08-12 18:18:00 | INFO | repo=SolanaLabs | action=commit
